<?xml version="1.0" encoding="UTF-8"?>
<testsuite xmlns:xsi="http://www.w3.org/2001/XMLSchema-instance" xsi:noNamespaceSchemaLocation="https://maven.apache.org/surefire/maven-surefire-plugin/xsd/surefire-test-report-3.0.xsd" version="3.0" name="com.example.TerrainDAOTest" time="0.06" tests="3" errors="0" skipped="0" failures="0">
  <properties>
[...]
</properties>
  <testcase name="testSupprimerTerrain" classname="com.example.TerrainDAOTest" time="0.052">
    <system-out><![CDATA[Connection to PostgreSQL database established!
New terrain added  successfully.
Terrain deleted successfully.
]]></system-out>
  </testcase>
  <testcase name="testAjouterTerrain" classname="com.example.TerrainDAOTest" time="0.002">
    <system-out><![CDATA[New terrain added  successfully.
Terrain deleted successfully.
]]></system-out>
  </testcase>
  <testcase name="testAfficherTerrains" classname="com.example.TerrainDAOTest" time="0.003">
    <system-out><![CDATA[New terrain added  successfully.
Terrain deleted successfully.
]]></system-out>
  </testcase>
</testsuite>