<?xml version="1.0" encoding="UTF-8"?>
<testsuite xmlns:xsi="http://www.w3.org/2001/XMLSchema-instance" xsi:noNamespaceSchemaLocation="https://maven.apache.org/surefire/maven-surefire-plugin/xsd/surefire-test-report-3.0.xsd" version="3.0" name="com.example.SalleDAOTest" time="0.25" tests="5" errors="0" skipped="0" failures="0">
  <properties>
[...]
</properties>
  <testcase name="testGetSalle" classname="com.example.SalleDAOTest" time="0.045">
    <system-out><![CDATA[New salle added to a user successfully.
salle deleted successfully.
]]></system-out>
  </testcase>
  <testcase name="testUpdateSalle" classname="com.example.SalleDAOTest" time="0.055">
    <system-out><![CDATA[New salle added to a user successfully.
salle updated successfully.
salle deleted successfully.
]]></system-out>
  </testcase>
  <testcase name="testSupprimerSalle" classname="com.example.SalleDAOTest" time="0.055">
    <system-out><![CDATA[New salle added to a user successfully.
salle deleted successfully.
]]></system-out>
  </testcase>
  <testcase name="testAjouterSalle" classname="com.example.SalleDAOTest" time="0.046">
    <system-out><![CDATA[New salle added to a user successfully.
]]></system-out>
  </testcase>
  <testcase name="testAfficherSalles" classname="com.example.SalleDAOTest" time="0.049">
    <system-out><![CDATA[New salle added to a user successfully.
salle deleted successfully.
]]></system-out>
  </testcase>
</testsuite>